<?xml version="1.0" encoding="UTF-8"?>
<!-- Generated by org.testng.reporters.JUnitReportReporter -->
<testsuite hostname="VR10" failures="0" tests="3" name="tests.ProductOrderTest" time="42.523" errors="0" timestamp="2024-09-22T22:43:08 GMT+01:00" skipped="0">
  <testcase classname="tests.ProductOrderTest" name="Login" time="15.603"/>
  <testcase classname="tests.ProductOrderTest" name="EditShipping" time="10.592"/>
  <testcase classname="tests.ProductOrderTest" name="FinishShipping" time="16.328"/>
</testsuite> <!-- tests.ProductOrderTest -->
