<?xml version="1.0" encoding="UTF-8"?>
<!-- Generated by org.testng.reporters.JUnitReportReporter -->
<testsuite hostname="VR10" failures="0" tests="5" name="tests.LoginTest" time="23.892" errors="0" timestamp="2024-09-22T22:43:08 GMT+01:00" skipped="0">
  <testcase classname="tests.LoginTest" name="InvalidEmailLogin" time="2.279"/>
  <testcase classname="tests.LoginTest" name="InvalidPasswordLogin" time="6.550"/>
  <testcase classname="tests.LoginTest" name="EmptyCredentialsLogin" time="1.651"/>
  <testcase classname="tests.LoginTest" name="ValidCredentialsLogin" time="6.990"/>
  <testcase classname="tests.LoginTest" name="SignOut" time="6.422"/>
</testsuite> <!-- tests.LoginTest -->
