<?xml version="1.0" encoding="UTF-8"?>
<!-- Generated by org.testng.reporters.JUnitReportReporter -->
<testsuite hostname="VR10" failures="0" tests="2" name="tests.RegistrationTest" time="12.687" errors="0" timestamp="2024-09-22T22:43:08 GMT+01:00" skipped="0">
  <testcase classname="tests.RegistrationTest" name="Registration" time="7.447"/>
  <testcase classname="tests.RegistrationTest" name="ChangePassword" time="5.240"/>
</testsuite> <!-- tests.RegistrationTest -->
